<?xml version="1.0" encoding="UTF-8"?>
<!-- Generated by org.testng.reporters.JUnitReportReporter -->
<testsuite skipped="0" hostname="Edgar153" name="TestBrowser" tests="1" failures="0" timestamp="2020-01-15T23:33:23 PST" time="15.399" errors="0">
  <testcase name="loadBrowserTest" time="15.399" classname="TestBrowser"/>
</testsuite> <!-- TestBrowser -->
