<?xml version="1.0" encoding="UTF-8"?>
<!-- Generated by org.testng.reporters.JUnitReportReporter -->
<testsuite skipped="0" hostname="Edgar153" name="TestBrowser" tests="1" failures="0" timestamp="2020-06-25T20:20:30 PDT" time="326.321" errors="0">
  <testcase name="loadBrowserTest" time="326.321" classname="TestBrowser"/>
</testsuite> <!-- TestBrowser -->
