<?xml version="1.0" encoding="UTF-8"?>
<!-- Generated by org.testng.reporters.JUnitReportReporter -->
<testsuite skipped="0" hostname="Edgar153" name="TestBrowser" tests="1" failures="0" timestamp="2020-01-09T22:25:24 PST" time="0.004" errors="0">
  <testcase name="sampleTest" time="0.004" classname="TestBrowser"/>
</testsuite> <!-- TestBrowser -->
