<?xml version="1.0" encoding="UTF-8"?>
<!-- Generated by org.testng.reporters.JUnitReportReporter -->
<testsuite skipped="0" hostname="Edgar153" name="TestBrowser" tests="1" failures="0" timestamp="2020-01-10T15:53:23 PST" time="1.171" errors="0">
  <testcase name="loadBrowserTest" time="1.171" classname="TestBrowser"/>
</testsuite> <!-- TestBrowser -->
