<?xml version="1.0" encoding="UTF-8"?>
<!-- Generated by org.testng.reporters.JUnitReportReporter -->
<testsuite skipped="0" hostname="Edgar153" name="TestBrowser" tests="1" failures="0" timestamp="2020-01-12T01:39:01 PST" time="0.975" errors="0">
  <testcase name="loadBrowserTest" time="0.975" classname="TestBrowser"/>
</testsuite> <!-- TestBrowser -->
