<?xml version="1.0" encoding="UTF-8"?>
<!-- Generated by org.testng.reporters.JUnitReportReporter -->
<testsuite hostname="elinux" failures="0" tests="1" name="TestBrowser" time="38.395" errors="0" timestamp="2020-06-25T02:01:45 PDT" skipped="0">
  <testcase classname="TestBrowser" name="loadBrowserTest" time="38.395"/>
  <system-out/>
</testsuite> <!-- TestBrowser -->
