<?xml version="1.0" encoding="UTF-8"?>
<!-- Generated by org.testng.reporters.JUnitReportReporter -->
<testsuite skipped="0" hostname="Edgar153" name="TestBrowser" tests="1" failures="0" timestamp="2020-01-14T00:11:16 PST" time="30.302" errors="0">
  <testcase name="loadBrowserTest" time="30.302" classname="TestBrowser"/>
</testsuite> <!-- TestBrowser -->
