<?xml version="1.0" encoding="UTF-8"?>
<!-- Generated by org.testng.reporters.JUnitReportReporter -->
<testsuite skipped="0" hostname="Edgar153" name="TestBrowser" tests="1" failures="0" timestamp="2020-01-17T03:44:06 PST" time="26.206" errors="0">
  <testcase name="loadBrowserTest" time="26.206" classname="TestBrowser"/>
</testsuite> <!-- TestBrowser -->
