<?xml version="1.0" encoding="UTF-8"?>
<!-- Generated by org.testng.reporters.JUnitReportReporter -->
<testsuite skipped="0" hostname="Edgar153" name="TestBrowser" tests="1" failures="0" timestamp="2020-06-26T19:48:17 PDT" time="39.190" errors="0">
  <testcase name="loadBrowserTest" time="39.190" classname="TestBrowser"/>
</testsuite> <!-- TestBrowser -->
