<?xml version="1.0" encoding="UTF-8"?>
<!-- Generated by org.testng.reporters.JUnitReportReporter -->
<testsuite skipped="0" hostname="Edgar153" name="TestBrowser" tests="1" failures="0" timestamp="2020-01-10T17:30:34 PST" time="0.970" errors="0">
  <testcase name="loadBrowserTest" time="0.970" classname="TestBrowser"/>
  <system-out/>
</testsuite> <!-- TestBrowser -->
