<?xml version="1.0" encoding="UTF-8"?>
<!-- Generated by org.testng.reporters.JUnitReportReporter -->
<testsuite skipped="0" hostname="Edgar153" name="TestBrowser" tests="1" failures="0" timestamp="2020-01-14T02:28:32 PST" time="24.926" errors="0">
  <testcase name="loadBrowserTest" time="24.926" classname="TestBrowser"/>
  <system-out/>
</testsuite> <!-- TestBrowser -->
