<?xml version="1.0" encoding="UTF-8"?>
<!-- Generated by org.testng.reporters.JUnitReportReporter -->
<testsuite skipped="0" hostname="Edgar153" name="TestBrowser" tests="1" failures="0" timestamp="2020-01-15T23:40:44 PST" time="15.508" errors="0">
  <testcase name="loadBrowserTest" time="15.508" classname="TestBrowser"/>
  <system-out/>
</testsuite> <!-- TestBrowser -->
